0 info it worked if it ends with ok
1 verbose cli [ 'C:\\Program Files\\nodejs\\node.exe',
1 verbose cli   'C:\\Users\\Jozef\\AppData\\Roaming\\npm\\node_modules\\npm\\bin\\npm-cli.js',
1 verbose cli   'run',
1 verbose cli   'e2e',
1 verbose cli   '--',
1 verbose cli   './protractor.conf.js' ]
2 info using npm@3.9.0
3 info using node@v6.9.1
4 verbose run-script [ 'pree2e', 'e2e', 'poste2e' ]
5 info lifecycle real1@0.0.0~pree2e: real1@0.0.0
6 verbose lifecycle real1@0.0.0~pree2e: unsafe-perm in lifecycle true
7 verbose lifecycle real1@0.0.0~pree2e: PATH: C:\Users\Jozef\AppData\Roaming\npm\node_modules\npm\bin\node-gyp-bin;C:\node development\angular\Real1\node_modules\.bin;C:\Program Files\nodejs;C:\Program Files (x86)\EasyPHP-DevServer-14.1VC11\binaries\php\php_runningversion;C:\Program Files (x86)\EasyPHP-DevServer-13.1VC11\binaries\php\php_runningversion;C:\Python33\;C:\Program Files (x86)\EasyPHP-DevServer-13.1VC9\binaries\php\php_runningversion;C:\Program Files\Broadcom\Broadcom 802.11 Network Adapter\Driver;C:\WINDOWS\system32;C:\WINDOWS;C:\WINDOWS\System32\Wbem;C:\WINDOWS\System32\WindowsPowerShell\v1.0\;C:\Program Files (x86)\Intel\OpenCL SDK\2.0\bin\x86;C:\Program Files (x86)\Intel\OpenCL SDK\2.0\bin\x64;C:\Python33;C:\Program Files\Microsoft SQL Server\110\Tools\Binn\;C:\Program Files\Microsoft SQL Server\120\Tools\Binn\;C:\Program Files (x86)\Skype\Phone\;C:\Users\Jozef\.dnx\bin;C:\Program Files\Microsoft DNX\Dnvm\;C:\Program Files\Microsoft SQL Server\130\Tools\Binn\;C:\Program Files\Git\cmd;C:\Program Files (x86)\Windows Kits\10\Windows Performance Toolkit\;C:\Program Files\nodejs\;C:\Users\Jozef\AppData\Local\atom\bin;C:\Users\Jozef\AppData\Roaming\npm;C:\Program Files\MongoDB\Server\3.2\bin;C:\Program Files (x86)\Microsoft VS Code\bin
8 verbose lifecycle real1@0.0.0~pree2e: CWD: C:\node development\angular\Real1
9 silly lifecycle real1@0.0.0~pree2e: Args: [ '/d /s /c', 'webdriver-manager update' ]
10 silly lifecycle real1@0.0.0~pree2e: Returned: code: 0  signal: null
11 info lifecycle real1@0.0.0~e2e: real1@0.0.0
12 verbose lifecycle real1@0.0.0~e2e: unsafe-perm in lifecycle true
13 verbose lifecycle real1@0.0.0~e2e: PATH: C:\Users\Jozef\AppData\Roaming\npm\node_modules\npm\bin\node-gyp-bin;C:\node development\angular\Real1\node_modules\.bin;C:\Program Files\nodejs;C:\Program Files (x86)\EasyPHP-DevServer-14.1VC11\binaries\php\php_runningversion;C:\Program Files (x86)\EasyPHP-DevServer-13.1VC11\binaries\php\php_runningversion;C:\Python33\;C:\Program Files (x86)\EasyPHP-DevServer-13.1VC9\binaries\php\php_runningversion;C:\Program Files\Broadcom\Broadcom 802.11 Network Adapter\Driver;C:\WINDOWS\system32;C:\WINDOWS;C:\WINDOWS\System32\Wbem;C:\WINDOWS\System32\WindowsPowerShell\v1.0\;C:\Program Files (x86)\Intel\OpenCL SDK\2.0\bin\x86;C:\Program Files (x86)\Intel\OpenCL SDK\2.0\bin\x64;C:\Python33;C:\Program Files\Microsoft SQL Server\110\Tools\Binn\;C:\Program Files\Microsoft SQL Server\120\Tools\Binn\;C:\Program Files (x86)\Skype\Phone\;C:\Users\Jozef\.dnx\bin;C:\Program Files\Microsoft DNX\Dnvm\;C:\Program Files\Microsoft SQL Server\130\Tools\Binn\;C:\Program Files\Git\cmd;C:\Program Files (x86)\Windows Kits\10\Windows Performance Toolkit\;C:\Program Files\nodejs\;C:\Users\Jozef\AppData\Local\atom\bin;C:\Users\Jozef\AppData\Roaming\npm;C:\Program Files\MongoDB\Server\3.2\bin;C:\Program Files (x86)\Microsoft VS Code\bin
14 verbose lifecycle real1@0.0.0~e2e: CWD: C:\node development\angular\Real1
15 silly lifecycle real1@0.0.0~e2e: Args: [ '/d /s /c', 'protractor "./protractor.conf.js"' ]
16 silly lifecycle real1@0.0.0~e2e: Returned: code: 1  signal: null
17 info lifecycle real1@0.0.0~e2e: Failed to exec e2e script
18 verbose stack Error: real1@0.0.0 e2e: `protractor "./protractor.conf.js"`
18 verbose stack Exit status 1
18 verbose stack     at EventEmitter.<anonymous> (C:\Users\Jozef\AppData\Roaming\npm\node_modules\npm\lib\utils\lifecycle.js:245:16)
18 verbose stack     at emitTwo (events.js:106:13)
18 verbose stack     at EventEmitter.emit (events.js:191:7)
18 verbose stack     at ChildProcess.<anonymous> (C:\Users\Jozef\AppData\Roaming\npm\node_modules\npm\lib\utils\spawn.js:24:14)
18 verbose stack     at emitTwo (events.js:106:13)
18 verbose stack     at ChildProcess.emit (events.js:191:7)
18 verbose stack     at maybeClose (internal/child_process.js:877:16)
18 verbose stack     at Process.ChildProcess._handle.onexit (internal/child_process.js:226:5)
19 verbose pkgid real1@0.0.0
20 verbose cwd C:\node development\angular\Real1
21 error Windows_NT 10.0.10586
22 error argv "C:\\Program Files\\nodejs\\node.exe" "C:\\Users\\Jozef\\AppData\\Roaming\\npm\\node_modules\\npm\\bin\\npm-cli.js" "run" "e2e" "--" "./protractor.conf.js"
23 error node v6.9.1
24 error npm  v3.9.0
25 error code ELIFECYCLE
26 error real1@0.0.0 e2e: `protractor "./protractor.conf.js"`
26 error Exit status 1
27 error Failed at the real1@0.0.0 e2e script 'protractor "./protractor.conf.js"'.
27 error Make sure you have the latest version of node.js and npm installed.
27 error If you do, this is most likely a problem with the real1 package,
27 error not with npm itself.
27 error Tell the author that this fails on your system:
27 error     protractor "./protractor.conf.js"
27 error You can get information on how to open an issue for this project with:
27 error     npm bugs real1
27 error Or if that isn't available, you can get their info via:
27 error     npm owner ls real1
27 error There is likely additional logging output above.
28 verbose exit [ 1, true ]
